<?xml version="1.0" encoding="UTF-8"?>
<testsuite xmlns:xsi="http://www.w3.org/2001/XMLSchema-instance" xsi:noNamespaceSchemaLocation="https://maven.apache.org/surefire/maven-surefire-plugin/xsd/surefire-test-report.xsd" name="com.sky.test.SpringDataRedisTest" time="0.002" tests="7" errors="7" skipped="0" failures="0">
  <properties>
    <property name="sun.desktop" value="windows"/>
    <property name="awt.toolkit" value="sun.awt.windows.WToolkit"/>
    <property name="java.specification.version" value="11"/>
    <property name="sun.cpu.isalist" value="amd64"/>
    <property name="sun.jnu.encoding" value="GBK"/>
    <property name="java.class.path" value="D:\word文档\A就业\java项目\资料\day12\项目完整版代码\sky-take-out\sky-server\target\test-classes;D:\word文档\A就业\java项目\资料\day12\项目完整版代码\sky-take-out\sky-server\target\classes;D:\word文档\A就业\java项目\资料\day12\项目完整版代码\sky-take-out\sky-common\target\sky-common-1.0-SNAPSHOT.jar;D:\develop\apache-maven-3.9.6\repo\commons-lang\commons-lang\2.6\commons-lang-2.6.jar;D:\develop\apache-maven-3.9.6\repo\org\springframework\boot\spring-boot-starter-json\2.7.3\spring-boot-starter-json-2.7.3.jar;D:\develop\apache-maven-3.9.6\repo\com\fasterxml\jackson\datatype\jackson-datatype-jdk8\2.13.3\jackson-datatype-jdk8-2.13.3.jar;D:\develop\apache-maven-3.9.6\repo\com\fasterxml\jackson\datatype\jackson-datatype-jsr310\2.13.3\jackson-datatype-jsr310-2.13.3.jar;D:\develop\apache-maven-3.9.6\repo\com\fasterxml\jackson\module\jackson-module-parameter-names\2.13.3\jackson-module-parameter-names-2.13.3.jar;D:\develop\apache-maven-3.9.6\repo\io\jsonwebtoken\jjwt\0.9.1\jjwt-0.9.1.jar;D:\develop\apache-maven-3.9.6\repo\com\aliyun\oss\aliyun-sdk-oss\3.10.2\aliyun-sdk-oss-3.10.2.jar;D:\develop\apache-maven-3.9.6\repo\org\apache\httpcomponents\httpclient\4.5.13\httpclient-4.5.13.jar;D:\develop\apache-maven-3.9.6\repo\org\apache\httpcomponents\httpcore\4.4.15\httpcore-4.4.15.jar;D:\develop\apache-maven-3.9.6\repo\org\jdom\jdom2\2.0.6.1\jdom2-2.0.6.1.jar;D:\develop\apache-maven-3.9.6\repo\org\codehaus\jettison\jettison\1.1\jettison-1.1.jar;D:\develop\apache-maven-3.9.6\repo\stax\stax-api\1.0.1\stax-api-1.0.1.jar;D:\develop\apache-maven-3.9.6\repo\com\aliyun\aliyun-java-sdk-core\3.4.0\aliyun-java-sdk-core-3.4.0.jar;D:\develop\apache-maven-3.9.6\repo\com\aliyun\aliyun-java-sdk-ram\3.0.0\aliyun-java-sdk-ram-3.0.0.jar;D:\develop\apache-maven-3.9.6\repo\com\aliyun\aliyun-java-sdk-sts\3.0.0\aliyun-java-sdk-sts-3.0.0.jar;D:\develop\apache-maven-3.9.6\repo\com\aliyun\aliyun-java-sdk-ecs\4.2.0\aliyun-java-sdk-ecs-4.2.0.jar;D:\develop\apache-maven-3.9.6\repo\com\aliyun\aliyun-java-sdk-kms\2.7.0\aliyun-java-sdk-kms-2.7.0.jar;D:\develop\apache-maven-3.9.6\repo\com\google\code\gson\gson\2.9.1\gson-2.9.1.jar;D:\develop\apache-maven-3.9.6\repo\com\github\wechatpay-apiv3\wechatpay-apache-httpclient\0.4.8\wechatpay-apache-httpclient-0.4.8.jar;D:\develop\apache-maven-3.9.6\repo\org\apache\httpcomponents\httpmime\4.5.13\httpmime-4.5.13.jar;D:\word文档\A就业\java项目\资料\day12\项目完整版代码\sky-take-out\sky-pojo\target\sky-pojo-1.0-SNAPSHOT.jar;D:\develop\apache-maven-3.9.6\repo\com\fasterxml\jackson\core\jackson-databind\2.13.3\jackson-databind-2.13.3.jar;D:\develop\apache-maven-3.9.6\repo\com\fasterxml\jackson\core\jackson-annotations\2.13.3\jackson-annotations-2.13.3.jar;D:\develop\apache-maven-3.9.6\repo\com\fasterxml\jackson\core\jackson-core\2.13.3\jackson-core-2.13.3.jar;D:\develop\apache-maven-3.9.6\repo\org\springframework\boot\spring-boot-starter\2.7.3\spring-boot-starter-2.7.3.jar;D:\develop\apache-maven-3.9.6\repo\org\springframework\boot\spring-boot\2.7.3\spring-boot-2.7.3.jar;D:\develop\apache-maven-3.9.6\repo\org\springframework\spring-context\5.3.22\spring-context-5.3.22.jar;D:\develop\apache-maven-3.9.6\repo\org\springframework\boot\spring-boot-autoconfigure\2.7.3\spring-boot-autoconfigure-2.7.3.jar;D:\develop\apache-maven-3.9.6\repo\org\springframework\boot\spring-boot-starter-logging\2.7.3\spring-boot-starter-logging-2.7.3.jar;D:\develop\apache-maven-3.9.6\repo\ch\qos\logback\logback-classic\1.2.11\logback-classic-1.2.11.jar;D:\develop\apache-maven-3.9.6\repo\ch\qos\logback\logback-core\1.2.11\logback-core-1.2.11.jar;D:\develop\apache-maven-3.9.6\repo\org\apache\logging\log4j\log4j-to-slf4j\2.17.2\log4j-to-slf4j-2.17.2.jar;D:\develop\apache-maven-3.9.6\repo\org\apache\logging\log4j\log4j-api\2.17.2\log4j-api-2.17.2.jar;D:\develop\apache-maven-3.9.6\repo\org\slf4j\jul-to-slf4j\1.7.36\jul-to-slf4j-1.7.36.jar;D:\develop\apache-maven-3.9.6\repo\jakarta\annotation\jakarta.annotation-api\1.3.5\jakarta.annotation-api-1.3.5.jar;D:\develop\apache-maven-3.9.6\repo\org\springframework\spring-core\5.3.22\spring-core-5.3.22.jar;D:\develop\apache-maven-3.9.6\repo\org\springframework\spring-jcl\5.3.22\spring-jcl-5.3.22.jar;D:\develop\apache-maven-3.9.6\repo\org\yaml\snakeyaml\1.30\snakeyaml-1.30.jar;D:\develop\apache-maven-3.9.6\repo\org\springframework\boot\spring-boot-starter-test\2.7.3\spring-boot-starter-test-2.7.3.jar;D:\develop\apache-maven-3.9.6\repo\org\springframework\boot\spring-boot-test\2.7.3\spring-boot-test-2.7.3.jar;D:\develop\apache-maven-3.9.6\repo\org\springframework\boot\spring-boot-test-autoconfigure\2.7.3\spring-boot-test-autoconfigure-2.7.3.jar;D:\develop\apache-maven-3.9.6\repo\com\jayway\jsonpath\json-path\2.7.0\json-path-2.7.0.jar;D:\develop\apache-maven-3.9.6\repo\net\minidev\json-smart\2.4.8\json-smart-2.4.8.jar;D:\develop\apache-maven-3.9.6\repo\net\minidev\accessors-smart\2.4.8\accessors-smart-2.4.8.jar;D:\develop\apache-maven-3.9.6\repo\org\ow2\asm\asm\9.1\asm-9.1.jar;D:\develop\apache-maven-3.9.6\repo\jakarta\xml\bind\jakarta.xml.bind-api\2.3.3\jakarta.xml.bind-api-2.3.3.jar;D:\develop\apache-maven-3.9.6\repo\jakarta\activation\jakarta.activation-api\1.2.2\jakarta.activation-api-1.2.2.jar;D:\develop\apache-maven-3.9.6\repo\org\assertj\assertj-core\3.22.0\assertj-core-3.22.0.jar;D:\develop\apache-maven-3.9.6\repo\org\hamcrest\hamcrest\2.2\hamcrest-2.2.jar;D:\develop\apache-maven-3.9.6\repo\org\junit\jupiter\junit-jupiter\5.8.2\junit-jupiter-5.8.2.jar;D:\develop\apache-maven-3.9.6\repo\org\junit\jupiter\junit-jupiter-api\5.8.2\junit-jupiter-api-5.8.2.jar;D:\develop\apache-maven-3.9.6\repo\org\opentest4j\opentest4j\1.2.0\opentest4j-1.2.0.jar;D:\develop\apache-maven-3.9.6\repo\org\junit\platform\junit-platform-commons\1.8.2\junit-platform-commons-1.8.2.jar;D:\develop\apache-maven-3.9.6\repo\org\apiguardian\apiguardian-api\1.1.2\apiguardian-api-1.1.2.jar;D:\develop\apache-maven-3.9.6\repo\org\junit\jupiter\junit-jupiter-params\5.8.2\junit-jupiter-params-5.8.2.jar;D:\develop\apache-maven-3.9.6\repo\org\junit\jupiter\junit-jupiter-engine\5.8.2\junit-jupiter-engine-5.8.2.jar;D:\develop\apache-maven-3.9.6\repo\org\junit\platform\junit-platform-engine\1.8.2\junit-platform-engine-1.8.2.jar;D:\develop\apache-maven-3.9.6\repo\org\mockito\mockito-core\4.5.1\mockito-core-4.5.1.jar;D:\develop\apache-maven-3.9.6\repo\net\bytebuddy\byte-buddy\1.12.13\byte-buddy-1.12.13.jar;D:\develop\apache-maven-3.9.6\repo\net\bytebuddy\byte-buddy-agent\1.12.13\byte-buddy-agent-1.12.13.jar;D:\develop\apache-maven-3.9.6\repo\org\objenesis\objenesis\3.2\objenesis-3.2.jar;D:\develop\apache-maven-3.9.6\repo\org\mockito\mockito-junit-jupiter\4.5.1\mockito-junit-jupiter-4.5.1.jar;D:\develop\apache-maven-3.9.6\repo\org\skyscreamer\jsonassert\1.5.1\jsonassert-1.5.1.jar;D:\develop\apache-maven-3.9.6\repo\com\vaadin\external\google\android-json\0.0.20131108.vaadin1\android-json-0.0.20131108.vaadin1.jar;D:\develop\apache-maven-3.9.6\repo\org\springframework\spring-test\5.3.22\spring-test-5.3.22.jar;D:\develop\apache-maven-3.9.6\repo\org\xmlunit\xmlunit-core\2.9.0\xmlunit-core-2.9.0.jar;D:\develop\apache-maven-3.9.6\repo\org\springframework\boot\spring-boot-starter-web\2.7.3\spring-boot-starter-web-2.7.3.jar;D:\develop\apache-maven-3.9.6\repo\org\springframework\boot\spring-boot-starter-tomcat\2.7.3\spring-boot-starter-tomcat-2.7.3.jar;D:\develop\apache-maven-3.9.6\repo\org\apache\tomcat\embed\tomcat-embed-core\9.0.65\tomcat-embed-core-9.0.65.jar;D:\develop\apache-maven-3.9.6\repo\org\apache\tomcat\embed\tomcat-embed-el\9.0.65\tomcat-embed-el-9.0.65.jar;D:\develop\apache-maven-3.9.6\repo\org\apache\tomcat\embed\tomcat-embed-websocket\9.0.65\tomcat-embed-websocket-9.0.65.jar;D:\develop\apache-maven-3.9.6\repo\org\springframework\spring-web\5.3.22\spring-web-5.3.22.jar;D:\develop\apache-maven-3.9.6\repo\org\springframework\spring-beans\5.3.22\spring-beans-5.3.22.jar;D:\develop\apache-maven-3.9.6\repo\org\springframework\spring-webmvc\5.3.22\spring-webmvc-5.3.22.jar;D:\develop\apache-maven-3.9.6\repo\org\springframework\spring-aop\5.3.22\spring-aop-5.3.22.jar;D:\develop\apache-maven-3.9.6\repo\org\springframework\spring-expression\5.3.22\spring-expression-5.3.22.jar;D:\develop\apache-maven-3.9.6\repo\mysql\mysql-connector-java\8.0.30\mysql-connector-java-8.0.30.jar;D:\develop\apache-maven-3.9.6\repo\org\mybatis\spring\boot\mybatis-spring-boot-starter\2.2.0\mybatis-spring-boot-starter-2.2.0.jar;D:\develop\apache-maven-3.9.6\repo\org\springframework\boot\spring-boot-starter-jdbc\2.7.3\spring-boot-starter-jdbc-2.7.3.jar;D:\develop\apache-maven-3.9.6\repo\com\zaxxer\HikariCP\4.0.3\HikariCP-4.0.3.jar;D:\develop\apache-maven-3.9.6\repo\org\springframework\spring-jdbc\5.3.22\spring-jdbc-5.3.22.jar;D:\develop\apache-maven-3.9.6\repo\org\mybatis\spring\boot\mybatis-spring-boot-autoconfigure\2.2.0\mybatis-spring-boot-autoconfigure-2.2.0.jar;D:\develop\apache-maven-3.9.6\repo\org\mybatis\mybatis\3.5.7\mybatis-3.5.7.jar;D:\develop\apache-maven-3.9.6\repo\org\mybatis\mybatis-spring\2.0.6\mybatis-spring-2.0.6.jar;D:\develop\apache-maven-3.9.6\repo\org\projectlombok\lombok\1.18.20\lombok-1.18.20.jar;D:\develop\apache-maven-3.9.6\repo\com\alibaba\fastjson\1.2.76\fastjson-1.2.76.jar;D:\develop\apache-maven-3.9.6\repo\com\alibaba\druid-spring-boot-starter\1.2.1\druid-spring-boot-starter-1.2.1.jar;D:\develop\apache-maven-3.9.6\repo\com\alibaba\druid\1.2.1\druid-1.2.1.jar;D:\develop\apache-maven-3.9.6\repo\javax\annotation\javax.annotation-api\1.3.2\javax.annotation-api-1.3.2.jar;D:\develop\apache-maven-3.9.6\repo\org\slf4j\slf4j-api\1.7.36\slf4j-api-1.7.36.jar;D:\develop\apache-maven-3.9.6\repo\com\github\pagehelper\pagehelper-spring-boot-starter\1.3.0\pagehelper-spring-boot-starter-1.3.0.jar;D:\develop\apache-maven-3.9.6\repo\com\github\pagehelper\pagehelper-spring-boot-autoconfigure\1.3.0\pagehelper-spring-boot-autoconfigure-1.3.0.jar;D:\develop\apache-maven-3.9.6\repo\com\github\pagehelper\pagehelper\5.2.0\pagehelper-5.2.0.jar;D:\develop\apache-maven-3.9.6\repo\com\github\jsqlparser\jsqlparser\3.2\jsqlparser-3.2.jar;D:\develop\apache-maven-3.9.6\repo\org\aspectj\aspectjrt\1.9.4\aspectjrt-1.9.4.jar;D:\develop\apache-maven-3.9.6\repo\org\aspectj\aspectjweaver\1.9.4\aspectjweaver-1.9.4.jar;D:\develop\apache-maven-3.9.6\repo\com\github\xiaoymin\knife4j-spring-boot-starter\3.0.2\knife4j-spring-boot-starter-3.0.2.jar;D:\develop\apache-maven-3.9.6\repo\com\github\xiaoymin\knife4j-spring-boot-autoconfigure\3.0.2\knife4j-spring-boot-autoconfigure-3.0.2.jar;D:\develop\apache-maven-3.9.6\repo\com\github\xiaoymin\knife4j-spring\3.0.2\knife4j-spring-3.0.2.jar;D:\develop\apache-maven-3.9.6\repo\com\github\xiaoymin\knife4j-annotations\3.0.2\knife4j-annotations-3.0.2.jar;D:\develop\apache-maven-3.9.6\repo\io\swagger\swagger-annotations\1.5.22\swagger-annotations-1.5.22.jar;D:\develop\apache-maven-3.9.6\repo\io\swagger\core\v3\swagger-annotations\2.1.2\swagger-annotations-2.1.2.jar;D:\develop\apache-maven-3.9.6\repo\com\github\xiaoymin\knife4j-core\3.0.2\knife4j-core-3.0.2.jar;D:\develop\apache-maven-3.9.6\repo\org\javassist\javassist\3.25.0-GA\javassist-3.25.0-GA.jar;D:\develop\apache-maven-3.9.6\repo\io\springfox\springfox-swagger2\3.0.0\springfox-swagger2-3.0.0.jar;D:\develop\apache-maven-3.9.6\repo\io\springfox\springfox-spi\3.0.0\springfox-spi-3.0.0.jar;D:\develop\apache-maven-3.9.6\repo\io\springfox\springfox-schema\3.0.0\springfox-schema-3.0.0.jar;D:\develop\apache-maven-3.9.6\repo\io\springfox\springfox-swagger-common\3.0.0\springfox-swagger-common-3.0.0.jar;D:\develop\apache-maven-3.9.6\repo\io\springfox\springfox-spring-web\3.0.0\springfox-spring-web-3.0.0.jar;D:\develop\apache-maven-3.9.6\repo\io\github\classgraph\classgraph\4.8.83\classgraph-4.8.83.jar;D:\develop\apache-maven-3.9.6\repo\io\springfox\springfox-spring-webflux\3.0.0\springfox-spring-webflux-3.0.0.jar;D:\develop\apache-maven-3.9.6\repo\org\mapstruct\mapstruct\1.3.1.Final\mapstruct-1.3.1.Final.jar;D:\develop\apache-maven-3.9.6\repo\io\springfox\springfox-spring-webmvc\3.0.0\springfox-spring-webmvc-3.0.0.jar;D:\develop\apache-maven-3.9.6\repo\io\springfox\springfox-core\3.0.0\springfox-core-3.0.0.jar;D:\develop\apache-maven-3.9.6\repo\io\springfox\springfox-oas\3.0.0\springfox-oas-3.0.0.jar;D:\develop\apache-maven-3.9.6\repo\io\swagger\core\v3\swagger-models\2.1.2\swagger-models-2.1.2.jar;D:\develop\apache-maven-3.9.6\repo\io\springfox\springfox-bean-validators\3.0.0\springfox-bean-validators-3.0.0.jar;D:\develop\apache-maven-3.9.6\repo\io\swagger\swagger-models\1.5.22\swagger-models-1.5.22.jar;D:\develop\apache-maven-3.9.6\repo\io\swagger\swagger-core\1.5.22\swagger-core-1.5.22.jar;D:\develop\apache-maven-3.9.6\repo\org\apache\commons\commons-lang3\3.12.0\commons-lang3-3.12.0.jar;D:\develop\apache-maven-3.9.6\repo\com\fasterxml\jackson\dataformat\jackson-dataformat-yaml\2.13.3\jackson-dataformat-yaml-2.13.3.jar;D:\develop\apache-maven-3.9.6\repo\com\google\guava\guava\27.0.1-android\guava-27.0.1-android.jar;D:\develop\apache-maven-3.9.6\repo\com\google\guava\failureaccess\1.0.1\failureaccess-1.0.1.jar;D:\develop\apache-maven-3.9.6\repo\com\google\guava\listenablefuture\9999.0-empty-to-avoid-conflict-with-guava\listenablefuture-9999.0-empty-to-avoid-conflict-with-guava.jar;D:\develop\apache-maven-3.9.6\repo\com\google\code\findbugs\jsr305\3.0.2\jsr305-3.0.2.jar;D:\develop\apache-maven-3.9.6\repo\org\checkerframework\checker-compat-qual\2.5.2\checker-compat-qual-2.5.2.jar;D:\develop\apache-maven-3.9.6\repo\com\google\errorprone\error_prone_annotations\2.2.0\error_prone_annotations-2.2.0.jar;D:\develop\apache-maven-3.9.6\repo\com\google\j2objc\j2objc-annotations\1.1\j2objc-annotations-1.1.jar;D:\develop\apache-maven-3.9.6\repo\org\codehaus\mojo\animal-sniffer-annotations\1.17\animal-sniffer-annotations-1.17.jar;D:\develop\apache-maven-3.9.6\repo\javax\validation\validation-api\2.0.1.Final\validation-api-2.0.1.Final.jar;D:\develop\apache-maven-3.9.6\repo\io\springfox\springfox-boot-starter\3.0.0\springfox-boot-starter-3.0.0.jar;D:\develop\apache-maven-3.9.6\repo\io\springfox\springfox-data-rest\3.0.0\springfox-data-rest-3.0.0.jar;D:\develop\apache-maven-3.9.6\repo\com\fasterxml\classmate\1.5.1\classmate-1.5.1.jar;D:\develop\apache-maven-3.9.6\repo\org\springframework\plugin\spring-plugin-core\2.0.0.RELEASE\spring-plugin-core-2.0.0.RELEASE.jar;D:\develop\apache-maven-3.9.6\repo\org\springframework\plugin\spring-plugin-metadata\2.0.0.RELEASE\spring-plugin-metadata-2.0.0.RELEASE.jar;D:\develop\apache-maven-3.9.6\repo\com\github\xiaoymin\knife4j-spring-ui\3.0.2\knife4j-spring-ui-3.0.2.jar;D:\develop\apache-maven-3.9.6\repo\org\springframework\boot\spring-boot-starter-data-redis\2.7.3\spring-boot-starter-data-redis-2.7.3.jar;D:\develop\apache-maven-3.9.6\repo\org\springframework\data\spring-data-redis\2.7.2\spring-data-redis-2.7.2.jar;D:\develop\apache-maven-3.9.6\repo\org\springframework\data\spring-data-keyvalue\2.7.2\spring-data-keyvalue-2.7.2.jar;D:\develop\apache-maven-3.9.6\repo\org\springframework\data\spring-data-commons\2.7.2\spring-data-commons-2.7.2.jar;D:\develop\apache-maven-3.9.6\repo\org\springframework\spring-tx\5.3.22\spring-tx-5.3.22.jar;D:\develop\apache-maven-3.9.6\repo\org\springframework\spring-oxm\5.3.22\spring-oxm-5.3.22.jar;D:\develop\apache-maven-3.9.6\repo\io\lettuce\lettuce-core\6.1.9.RELEASE\lettuce-core-6.1.9.RELEASE.jar;D:\develop\apache-maven-3.9.6\repo\io\netty\netty-common\4.1.79.Final\netty-common-4.1.79.Final.jar;D:\develop\apache-maven-3.9.6\repo\io\netty\netty-handler\4.1.79.Final\netty-handler-4.1.79.Final.jar;D:\develop\apache-maven-3.9.6\repo\io\netty\netty-resolver\4.1.79.Final\netty-resolver-4.1.79.Final.jar;D:\develop\apache-maven-3.9.6\repo\io\netty\netty-buffer\4.1.79.Final\netty-buffer-4.1.79.Final.jar;D:\develop\apache-maven-3.9.6\repo\io\netty\netty-transport-native-unix-common\4.1.79.Final\netty-transport-native-unix-common-4.1.79.Final.jar;D:\develop\apache-maven-3.9.6\repo\io\netty\netty-codec\4.1.79.Final\netty-codec-4.1.79.Final.jar;D:\develop\apache-maven-3.9.6\repo\io\netty\netty-transport\4.1.79.Final\netty-transport-4.1.79.Final.jar;D:\develop\apache-maven-3.9.6\repo\io\projectreactor\reactor-core\3.4.22\reactor-core-3.4.22.jar;D:\develop\apache-maven-3.9.6\repo\org\reactivestreams\reactive-streams\1.0.4\reactive-streams-1.0.4.jar;D:\develop\apache-maven-3.9.6\repo\org\springframework\boot\spring-boot-starter-cache\2.7.3\spring-boot-starter-cache-2.7.3.jar;D:\develop\apache-maven-3.9.6\repo\org\springframework\spring-context-support\5.3.22\spring-context-support-5.3.22.jar;D:\develop\apache-maven-3.9.6\repo\org\springframework\boot\spring-boot-starter-websocket\2.7.3\spring-boot-starter-websocket-2.7.3.jar;D:\develop\apache-maven-3.9.6\repo\org\springframework\spring-messaging\5.3.22\spring-messaging-5.3.22.jar;D:\develop\apache-maven-3.9.6\repo\org\springframework\spring-websocket\5.3.22\spring-websocket-5.3.22.jar;D:\develop\apache-maven-3.9.6\repo\javax\xml\bind\jaxb-api\2.3.1\jaxb-api-2.3.1.jar;D:\develop\apache-maven-3.9.6\repo\javax\activation\javax.activation-api\1.2.0\javax.activation-api-1.2.0.jar;D:\develop\apache-maven-3.9.6\repo\org\apache\poi\poi\3.16\poi-3.16.jar;D:\develop\apache-maven-3.9.6\repo\commons-codec\commons-codec\1.15\commons-codec-1.15.jar;D:\develop\apache-maven-3.9.6\repo\org\apache\commons\commons-collections4\4.1\commons-collections4-4.1.jar;D:\develop\apache-maven-3.9.6\repo\org\apache\poi\poi-ooxml\3.16\poi-ooxml-3.16.jar;D:\develop\apache-maven-3.9.6\repo\org\apache\poi\poi-ooxml-schemas\3.16\poi-ooxml-schemas-3.16.jar;D:\develop\apache-maven-3.9.6\repo\org\apache\xmlbeans\xmlbeans\2.6.0\xmlbeans-2.6.0.jar;D:\develop\apache-maven-3.9.6\repo\com\github\virtuald\curvesapi\1.04\curvesapi-1.04.jar;"/>
    <property name="java.vm.vendor" value="Oracle Corporation"/>
    <property name="sun.arch.data.model" value="64"/>
    <property name="user.variant" value=""/>
    <property name="java.vendor.url" value="https://openjdk.java.net/"/>
    <property name="user.timezone" value="Asia/Shanghai"/>
    <property name="java.vm.specification.version" value="11"/>
    <property name="os.name" value="Windows 10"/>
    <property name="sun.java.launcher" value="SUN_STANDARD"/>
    <property name="user.country" value="CN"/>
    <property name="sun.boot.library.path" value="C:\Program Files\Java\jdk-11.0.15.1\bin"/>
    <property name="sun.java.command" value="C:\Users\zhangyue\AppData\Local\Temp\surefire17405738984815895313\surefirebooter2675065837888198296.jar C:\Users\zhangyue\AppData\Local\Temp\surefire17405738984815895313 2024-06-24T20-14-35_855-jvmRun1 surefire9941501573436366231tmp surefire_011015049875656170162tmp"/>
    <property name="jdk.debug" value="release"/>
    <property name="surefire.test.class.path" value="D:\word文档\A就业\java项目\资料\day12\项目完整版代码\sky-take-out\sky-server\target\test-classes;D:\word文档\A就业\java项目\资料\day12\项目完整版代码\sky-take-out\sky-server\target\classes;D:\word文档\A就业\java项目\资料\day12\项目完整版代码\sky-take-out\sky-common\target\sky-common-1.0-SNAPSHOT.jar;D:\develop\apache-maven-3.9.6\repo\commons-lang\commons-lang\2.6\commons-lang-2.6.jar;D:\develop\apache-maven-3.9.6\repo\org\springframework\boot\spring-boot-starter-json\2.7.3\spring-boot-starter-json-2.7.3.jar;D:\develop\apache-maven-3.9.6\repo\com\fasterxml\jackson\datatype\jackson-datatype-jdk8\2.13.3\jackson-datatype-jdk8-2.13.3.jar;D:\develop\apache-maven-3.9.6\repo\com\fasterxml\jackson\datatype\jackson-datatype-jsr310\2.13.3\jackson-datatype-jsr310-2.13.3.jar;D:\develop\apache-maven-3.9.6\repo\com\fasterxml\jackson\module\jackson-module-parameter-names\2.13.3\jackson-module-parameter-names-2.13.3.jar;D:\develop\apache-maven-3.9.6\repo\io\jsonwebtoken\jjwt\0.9.1\jjwt-0.9.1.jar;D:\develop\apache-maven-3.9.6\repo\com\aliyun\oss\aliyun-sdk-oss\3.10.2\aliyun-sdk-oss-3.10.2.jar;D:\develop\apache-maven-3.9.6\repo\org\apache\httpcomponents\httpclient\4.5.13\httpclient-4.5.13.jar;D:\develop\apache-maven-3.9.6\repo\org\apache\httpcomponents\httpcore\4.4.15\httpcore-4.4.15.jar;D:\develop\apache-maven-3.9.6\repo\org\jdom\jdom2\2.0.6.1\jdom2-2.0.6.1.jar;D:\develop\apache-maven-3.9.6\repo\org\codehaus\jettison\jettison\1.1\jettison-1.1.jar;D:\develop\apache-maven-3.9.6\repo\stax\stax-api\1.0.1\stax-api-1.0.1.jar;D:\develop\apache-maven-3.9.6\repo\com\aliyun\aliyun-java-sdk-core\3.4.0\aliyun-java-sdk-core-3.4.0.jar;D:\develop\apache-maven-3.9.6\repo\com\aliyun\aliyun-java-sdk-ram\3.0.0\aliyun-java-sdk-ram-3.0.0.jar;D:\develop\apache-maven-3.9.6\repo\com\aliyun\aliyun-java-sdk-sts\3.0.0\aliyun-java-sdk-sts-3.0.0.jar;D:\develop\apache-maven-3.9.6\repo\com\aliyun\aliyun-java-sdk-ecs\4.2.0\aliyun-java-sdk-ecs-4.2.0.jar;D:\develop\apache-maven-3.9.6\repo\com\aliyun\aliyun-java-sdk-kms\2.7.0\aliyun-java-sdk-kms-2.7.0.jar;D:\develop\apache-maven-3.9.6\repo\com\google\code\gson\gson\2.9.1\gson-2.9.1.jar;D:\develop\apache-maven-3.9.6\repo\com\github\wechatpay-apiv3\wechatpay-apache-httpclient\0.4.8\wechatpay-apache-httpclient-0.4.8.jar;D:\develop\apache-maven-3.9.6\repo\org\apache\httpcomponents\httpmime\4.5.13\httpmime-4.5.13.jar;D:\word文档\A就业\java项目\资料\day12\项目完整版代码\sky-take-out\sky-pojo\target\sky-pojo-1.0-SNAPSHOT.jar;D:\develop\apache-maven-3.9.6\repo\com\fasterxml\jackson\core\jackson-databind\2.13.3\jackson-databind-2.13.3.jar;D:\develop\apache-maven-3.9.6\repo\com\fasterxml\jackson\core\jackson-annotations\2.13.3\jackson-annotations-2.13.3.jar;D:\develop\apache-maven-3.9.6\repo\com\fasterxml\jackson\core\jackson-core\2.13.3\jackson-core-2.13.3.jar;D:\develop\apache-maven-3.9.6\repo\org\springframework\boot\spring-boot-starter\2.7.3\spring-boot-starter-2.7.3.jar;D:\develop\apache-maven-3.9.6\repo\org\springframework\boot\spring-boot\2.7.3\spring-boot-2.7.3.jar;D:\develop\apache-maven-3.9.6\repo\org\springframework\spring-context\5.3.22\spring-context-5.3.22.jar;D:\develop\apache-maven-3.9.6\repo\org\springframework\boot\spring-boot-autoconfigure\2.7.3\spring-boot-autoconfigure-2.7.3.jar;D:\develop\apache-maven-3.9.6\repo\org\springframework\boot\spring-boot-starter-logging\2.7.3\spring-boot-starter-logging-2.7.3.jar;D:\develop\apache-maven-3.9.6\repo\ch\qos\logback\logback-classic\1.2.11\logback-classic-1.2.11.jar;D:\develop\apache-maven-3.9.6\repo\ch\qos\logback\logback-core\1.2.11\logback-core-1.2.11.jar;D:\develop\apache-maven-3.9.6\repo\org\apache\logging\log4j\log4j-to-slf4j\2.17.2\log4j-to-slf4j-2.17.2.jar;D:\develop\apache-maven-3.9.6\repo\org\apache\logging\log4j\log4j-api\2.17.2\log4j-api-2.17.2.jar;D:\develop\apache-maven-3.9.6\repo\org\slf4j\jul-to-slf4j\1.7.36\jul-to-slf4j-1.7.36.jar;D:\develop\apache-maven-3.9.6\repo\jakarta\annotation\jakarta.annotation-api\1.3.5\jakarta.annotation-api-1.3.5.jar;D:\develop\apache-maven-3.9.6\repo\org\springframework\spring-core\5.3.22\spring-core-5.3.22.jar;D:\develop\apache-maven-3.9.6\repo\org\springframework\spring-jcl\5.3.22\spring-jcl-5.3.22.jar;D:\develop\apache-maven-3.9.6\repo\org\yaml\snakeyaml\1.30\snakeyaml-1.30.jar;D:\develop\apache-maven-3.9.6\repo\org\springframework\boot\spring-boot-starter-test\2.7.3\spring-boot-starter-test-2.7.3.jar;D:\develop\apache-maven-3.9.6\repo\org\springframework\boot\spring-boot-test\2.7.3\spring-boot-test-2.7.3.jar;D:\develop\apache-maven-3.9.6\repo\org\springframework\boot\spring-boot-test-autoconfigure\2.7.3\spring-boot-test-autoconfigure-2.7.3.jar;D:\develop\apache-maven-3.9.6\repo\com\jayway\jsonpath\json-path\2.7.0\json-path-2.7.0.jar;D:\develop\apache-maven-3.9.6\repo\net\minidev\json-smart\2.4.8\json-smart-2.4.8.jar;D:\develop\apache-maven-3.9.6\repo\net\minidev\accessors-smart\2.4.8\accessors-smart-2.4.8.jar;D:\develop\apache-maven-3.9.6\repo\org\ow2\asm\asm\9.1\asm-9.1.jar;D:\develop\apache-maven-3.9.6\repo\jakarta\xml\bind\jakarta.xml.bind-api\2.3.3\jakarta.xml.bind-api-2.3.3.jar;D:\develop\apache-maven-3.9.6\repo\jakarta\activation\jakarta.activation-api\1.2.2\jakarta.activation-api-1.2.2.jar;D:\develop\apache-maven-3.9.6\repo\org\assertj\assertj-core\3.22.0\assertj-core-3.22.0.jar;D:\develop\apache-maven-3.9.6\repo\org\hamcrest\hamcrest\2.2\hamcrest-2.2.jar;D:\develop\apache-maven-3.9.6\repo\org\junit\jupiter\junit-jupiter\5.8.2\junit-jupiter-5.8.2.jar;D:\develop\apache-maven-3.9.6\repo\org\junit\jupiter\junit-jupiter-api\5.8.2\junit-jupiter-api-5.8.2.jar;D:\develop\apache-maven-3.9.6\repo\org\opentest4j\opentest4j\1.2.0\opentest4j-1.2.0.jar;D:\develop\apache-maven-3.9.6\repo\org\junit\platform\junit-platform-commons\1.8.2\junit-platform-commons-1.8.2.jar;D:\develop\apache-maven-3.9.6\repo\org\apiguardian\apiguardian-api\1.1.2\apiguardian-api-1.1.2.jar;D:\develop\apache-maven-3.9.6\repo\org\junit\jupiter\junit-jupiter-params\5.8.2\junit-jupiter-params-5.8.2.jar;D:\develop\apache-maven-3.9.6\repo\org\junit\jupiter\junit-jupiter-engine\5.8.2\junit-jupiter-engine-5.8.2.jar;D:\develop\apache-maven-3.9.6\repo\org\junit\platform\junit-platform-engine\1.8.2\junit-platform-engine-1.8.2.jar;D:\develop\apache-maven-3.9.6\repo\org\mockito\mockito-core\4.5.1\mockito-core-4.5.1.jar;D:\develop\apache-maven-3.9.6\repo\net\bytebuddy\byte-buddy\1.12.13\byte-buddy-1.12.13.jar;D:\develop\apache-maven-3.9.6\repo\net\bytebuddy\byte-buddy-agent\1.12.13\byte-buddy-agent-1.12.13.jar;D:\develop\apache-maven-3.9.6\repo\org\objenesis\objenesis\3.2\objenesis-3.2.jar;D:\develop\apache-maven-3.9.6\repo\org\mockito\mockito-junit-jupiter\4.5.1\mockito-junit-jupiter-4.5.1.jar;D:\develop\apache-maven-3.9.6\repo\org\skyscreamer\jsonassert\1.5.1\jsonassert-1.5.1.jar;D:\develop\apache-maven-3.9.6\repo\com\vaadin\external\google\android-json\0.0.20131108.vaadin1\android-json-0.0.20131108.vaadin1.jar;D:\develop\apache-maven-3.9.6\repo\org\springframework\spring-test\5.3.22\spring-test-5.3.22.jar;D:\develop\apache-maven-3.9.6\repo\org\xmlunit\xmlunit-core\2.9.0\xmlunit-core-2.9.0.jar;D:\develop\apache-maven-3.9.6\repo\org\springframework\boot\spring-boot-starter-web\2.7.3\spring-boot-starter-web-2.7.3.jar;D:\develop\apache-maven-3.9.6\repo\org\springframework\boot\spring-boot-starter-tomcat\2.7.3\spring-boot-starter-tomcat-2.7.3.jar;D:\develop\apache-maven-3.9.6\repo\org\apache\tomcat\embed\tomcat-embed-core\9.0.65\tomcat-embed-core-9.0.65.jar;D:\develop\apache-maven-3.9.6\repo\org\apache\tomcat\embed\tomcat-embed-el\9.0.65\tomcat-embed-el-9.0.65.jar;D:\develop\apache-maven-3.9.6\repo\org\apache\tomcat\embed\tomcat-embed-websocket\9.0.65\tomcat-embed-websocket-9.0.65.jar;D:\develop\apache-maven-3.9.6\repo\org\springframework\spring-web\5.3.22\spring-web-5.3.22.jar;D:\develop\apache-maven-3.9.6\repo\org\springframework\spring-beans\5.3.22\spring-beans-5.3.22.jar;D:\develop\apache-maven-3.9.6\repo\org\springframework\spring-webmvc\5.3.22\spring-webmvc-5.3.22.jar;D:\develop\apache-maven-3.9.6\repo\org\springframework\spring-aop\5.3.22\spring-aop-5.3.22.jar;D:\develop\apache-maven-3.9.6\repo\org\springframework\spring-expression\5.3.22\spring-expression-5.3.22.jar;D:\develop\apache-maven-3.9.6\repo\mysql\mysql-connector-java\8.0.30\mysql-connector-java-8.0.30.jar;D:\develop\apache-maven-3.9.6\repo\org\mybatis\spring\boot\mybatis-spring-boot-starter\2.2.0\mybatis-spring-boot-starter-2.2.0.jar;D:\develop\apache-maven-3.9.6\repo\org\springframework\boot\spring-boot-starter-jdbc\2.7.3\spring-boot-starter-jdbc-2.7.3.jar;D:\develop\apache-maven-3.9.6\repo\com\zaxxer\HikariCP\4.0.3\HikariCP-4.0.3.jar;D:\develop\apache-maven-3.9.6\repo\org\springframework\spring-jdbc\5.3.22\spring-jdbc-5.3.22.jar;D:\develop\apache-maven-3.9.6\repo\org\mybatis\spring\boot\mybatis-spring-boot-autoconfigure\2.2.0\mybatis-spring-boot-autoconfigure-2.2.0.jar;D:\develop\apache-maven-3.9.6\repo\org\mybatis\mybatis\3.5.7\mybatis-3.5.7.jar;D:\develop\apache-maven-3.9.6\repo\org\mybatis\mybatis-spring\2.0.6\mybatis-spring-2.0.6.jar;D:\develop\apache-maven-3.9.6\repo\org\projectlombok\lombok\1.18.20\lombok-1.18.20.jar;D:\develop\apache-maven-3.9.6\repo\com\alibaba\fastjson\1.2.76\fastjson-1.2.76.jar;D:\develop\apache-maven-3.9.6\repo\com\alibaba\druid-spring-boot-starter\1.2.1\druid-spring-boot-starter-1.2.1.jar;D:\develop\apache-maven-3.9.6\repo\com\alibaba\druid\1.2.1\druid-1.2.1.jar;D:\develop\apache-maven-3.9.6\repo\javax\annotation\javax.annotation-api\1.3.2\javax.annotation-api-1.3.2.jar;D:\develop\apache-maven-3.9.6\repo\org\slf4j\slf4j-api\1.7.36\slf4j-api-1.7.36.jar;D:\develop\apache-maven-3.9.6\repo\com\github\pagehelper\pagehelper-spring-boot-starter\1.3.0\pagehelper-spring-boot-starter-1.3.0.jar;D:\develop\apache-maven-3.9.6\repo\com\github\pagehelper\pagehelper-spring-boot-autoconfigure\1.3.0\pagehelper-spring-boot-autoconfigure-1.3.0.jar;D:\develop\apache-maven-3.9.6\repo\com\github\pagehelper\pagehelper\5.2.0\pagehelper-5.2.0.jar;D:\develop\apache-maven-3.9.6\repo\com\github\jsqlparser\jsqlparser\3.2\jsqlparser-3.2.jar;D:\develop\apache-maven-3.9.6\repo\org\aspectj\aspectjrt\1.9.4\aspectjrt-1.9.4.jar;D:\develop\apache-maven-3.9.6\repo\org\aspectj\aspectjweaver\1.9.4\aspectjweaver-1.9.4.jar;D:\develop\apache-maven-3.9.6\repo\com\github\xiaoymin\knife4j-spring-boot-starter\3.0.2\knife4j-spring-boot-starter-3.0.2.jar;D:\develop\apache-maven-3.9.6\repo\com\github\xiaoymin\knife4j-spring-boot-autoconfigure\3.0.2\knife4j-spring-boot-autoconfigure-3.0.2.jar;D:\develop\apache-maven-3.9.6\repo\com\github\xiaoymin\knife4j-spring\3.0.2\knife4j-spring-3.0.2.jar;D:\develop\apache-maven-3.9.6\repo\com\github\xiaoymin\knife4j-annotations\3.0.2\knife4j-annotations-3.0.2.jar;D:\develop\apache-maven-3.9.6\repo\io\swagger\swagger-annotations\1.5.22\swagger-annotations-1.5.22.jar;D:\develop\apache-maven-3.9.6\repo\io\swagger\core\v3\swagger-annotations\2.1.2\swagger-annotations-2.1.2.jar;D:\develop\apache-maven-3.9.6\repo\com\github\xiaoymin\knife4j-core\3.0.2\knife4j-core-3.0.2.jar;D:\develop\apache-maven-3.9.6\repo\org\javassist\javassist\3.25.0-GA\javassist-3.25.0-GA.jar;D:\develop\apache-maven-3.9.6\repo\io\springfox\springfox-swagger2\3.0.0\springfox-swagger2-3.0.0.jar;D:\develop\apache-maven-3.9.6\repo\io\springfox\springfox-spi\3.0.0\springfox-spi-3.0.0.jar;D:\develop\apache-maven-3.9.6\repo\io\springfox\springfox-schema\3.0.0\springfox-schema-3.0.0.jar;D:\develop\apache-maven-3.9.6\repo\io\springfox\springfox-swagger-common\3.0.0\springfox-swagger-common-3.0.0.jar;D:\develop\apache-maven-3.9.6\repo\io\springfox\springfox-spring-web\3.0.0\springfox-spring-web-3.0.0.jar;D:\develop\apache-maven-3.9.6\repo\io\github\classgraph\classgraph\4.8.83\classgraph-4.8.83.jar;D:\develop\apache-maven-3.9.6\repo\io\springfox\springfox-spring-webflux\3.0.0\springfox-spring-webflux-3.0.0.jar;D:\develop\apache-maven-3.9.6\repo\org\mapstruct\mapstruct\1.3.1.Final\mapstruct-1.3.1.Final.jar;D:\develop\apache-maven-3.9.6\repo\io\springfox\springfox-spring-webmvc\3.0.0\springfox-spring-webmvc-3.0.0.jar;D:\develop\apache-maven-3.9.6\repo\io\springfox\springfox-core\3.0.0\springfox-core-3.0.0.jar;D:\develop\apache-maven-3.9.6\repo\io\springfox\springfox-oas\3.0.0\springfox-oas-3.0.0.jar;D:\develop\apache-maven-3.9.6\repo\io\swagger\core\v3\swagger-models\2.1.2\swagger-models-2.1.2.jar;D:\develop\apache-maven-3.9.6\repo\io\springfox\springfox-bean-validators\3.0.0\springfox-bean-validators-3.0.0.jar;D:\develop\apache-maven-3.9.6\repo\io\swagger\swagger-models\1.5.22\swagger-models-1.5.22.jar;D:\develop\apache-maven-3.9.6\repo\io\swagger\swagger-core\1.5.22\swagger-core-1.5.22.jar;D:\develop\apache-maven-3.9.6\repo\org\apache\commons\commons-lang3\3.12.0\commons-lang3-3.12.0.jar;D:\develop\apache-maven-3.9.6\repo\com\fasterxml\jackson\dataformat\jackson-dataformat-yaml\2.13.3\jackson-dataformat-yaml-2.13.3.jar;D:\develop\apache-maven-3.9.6\repo\com\google\guava\guava\27.0.1-android\guava-27.0.1-android.jar;D:\develop\apache-maven-3.9.6\repo\com\google\guava\failureaccess\1.0.1\failureaccess-1.0.1.jar;D:\develop\apache-maven-3.9.6\repo\com\google\guava\listenablefuture\9999.0-empty-to-avoid-conflict-with-guava\listenablefuture-9999.0-empty-to-avoid-conflict-with-guava.jar;D:\develop\apache-maven-3.9.6\repo\com\google\code\findbugs\jsr305\3.0.2\jsr305-3.0.2.jar;D:\develop\apache-maven-3.9.6\repo\org\checkerframework\checker-compat-qual\2.5.2\checker-compat-qual-2.5.2.jar;D:\develop\apache-maven-3.9.6\repo\com\google\errorprone\error_prone_annotations\2.2.0\error_prone_annotations-2.2.0.jar;D:\develop\apache-maven-3.9.6\repo\com\google\j2objc\j2objc-annotations\1.1\j2objc-annotations-1.1.jar;D:\develop\apache-maven-3.9.6\repo\org\codehaus\mojo\animal-sniffer-annotations\1.17\animal-sniffer-annotations-1.17.jar;D:\develop\apache-maven-3.9.6\repo\javax\validation\validation-api\2.0.1.Final\validation-api-2.0.1.Final.jar;D:\develop\apache-maven-3.9.6\repo\io\springfox\springfox-boot-starter\3.0.0\springfox-boot-starter-3.0.0.jar;D:\develop\apache-maven-3.9.6\repo\io\springfox\springfox-data-rest\3.0.0\springfox-data-rest-3.0.0.jar;D:\develop\apache-maven-3.9.6\repo\com\fasterxml\classmate\1.5.1\classmate-1.5.1.jar;D:\develop\apache-maven-3.9.6\repo\org\springframework\plugin\spring-plugin-core\2.0.0.RELEASE\spring-plugin-core-2.0.0.RELEASE.jar;D:\develop\apache-maven-3.9.6\repo\org\springframework\plugin\spring-plugin-metadata\2.0.0.RELEASE\spring-plugin-metadata-2.0.0.RELEASE.jar;D:\develop\apache-maven-3.9.6\repo\com\github\xiaoymin\knife4j-spring-ui\3.0.2\knife4j-spring-ui-3.0.2.jar;D:\develop\apache-maven-3.9.6\repo\org\springframework\boot\spring-boot-starter-data-redis\2.7.3\spring-boot-starter-data-redis-2.7.3.jar;D:\develop\apache-maven-3.9.6\repo\org\springframework\data\spring-data-redis\2.7.2\spring-data-redis-2.7.2.jar;D:\develop\apache-maven-3.9.6\repo\org\springframework\data\spring-data-keyvalue\2.7.2\spring-data-keyvalue-2.7.2.jar;D:\develop\apache-maven-3.9.6\repo\org\springframework\data\spring-data-commons\2.7.2\spring-data-commons-2.7.2.jar;D:\develop\apache-maven-3.9.6\repo\org\springframework\spring-tx\5.3.22\spring-tx-5.3.22.jar;D:\develop\apache-maven-3.9.6\repo\org\springframework\spring-oxm\5.3.22\spring-oxm-5.3.22.jar;D:\develop\apache-maven-3.9.6\repo\io\lettuce\lettuce-core\6.1.9.RELEASE\lettuce-core-6.1.9.RELEASE.jar;D:\develop\apache-maven-3.9.6\repo\io\netty\netty-common\4.1.79.Final\netty-common-4.1.79.Final.jar;D:\develop\apache-maven-3.9.6\repo\io\netty\netty-handler\4.1.79.Final\netty-handler-4.1.79.Final.jar;D:\develop\apache-maven-3.9.6\repo\io\netty\netty-resolver\4.1.79.Final\netty-resolver-4.1.79.Final.jar;D:\develop\apache-maven-3.9.6\repo\io\netty\netty-buffer\4.1.79.Final\netty-buffer-4.1.79.Final.jar;D:\develop\apache-maven-3.9.6\repo\io\netty\netty-transport-native-unix-common\4.1.79.Final\netty-transport-native-unix-common-4.1.79.Final.jar;D:\develop\apache-maven-3.9.6\repo\io\netty\netty-codec\4.1.79.Final\netty-codec-4.1.79.Final.jar;D:\develop\apache-maven-3.9.6\repo\io\netty\netty-transport\4.1.79.Final\netty-transport-4.1.79.Final.jar;D:\develop\apache-maven-3.9.6\repo\io\projectreactor\reactor-core\3.4.22\reactor-core-3.4.22.jar;D:\develop\apache-maven-3.9.6\repo\org\reactivestreams\reactive-streams\1.0.4\reactive-streams-1.0.4.jar;D:\develop\apache-maven-3.9.6\repo\org\springframework\boot\spring-boot-starter-cache\2.7.3\spring-boot-starter-cache-2.7.3.jar;D:\develop\apache-maven-3.9.6\repo\org\springframework\spring-context-support\5.3.22\spring-context-support-5.3.22.jar;D:\develop\apache-maven-3.9.6\repo\org\springframework\boot\spring-boot-starter-websocket\2.7.3\spring-boot-starter-websocket-2.7.3.jar;D:\develop\apache-maven-3.9.6\repo\org\springframework\spring-messaging\5.3.22\spring-messaging-5.3.22.jar;D:\develop\apache-maven-3.9.6\repo\org\springframework\spring-websocket\5.3.22\spring-websocket-5.3.22.jar;D:\develop\apache-maven-3.9.6\repo\javax\xml\bind\jaxb-api\2.3.1\jaxb-api-2.3.1.jar;D:\develop\apache-maven-3.9.6\repo\javax\activation\javax.activation-api\1.2.0\javax.activation-api-1.2.0.jar;D:\develop\apache-maven-3.9.6\repo\org\apache\poi\poi\3.16\poi-3.16.jar;D:\develop\apache-maven-3.9.6\repo\commons-codec\commons-codec\1.15\commons-codec-1.15.jar;D:\develop\apache-maven-3.9.6\repo\org\apache\commons\commons-collections4\4.1\commons-collections4-4.1.jar;D:\develop\apache-maven-3.9.6\repo\org\apache\poi\poi-ooxml\3.16\poi-ooxml-3.16.jar;D:\develop\apache-maven-3.9.6\repo\org\apache\poi\poi-ooxml-schemas\3.16\poi-ooxml-schemas-3.16.jar;D:\develop\apache-maven-3.9.6\repo\org\apache\xmlbeans\xmlbeans\2.6.0\xmlbeans-2.6.0.jar;D:\develop\apache-maven-3.9.6\repo\com\github\virtuald\curvesapi\1.04\curvesapi-1.04.jar;"/>
    <property name="sun.cpu.endian" value="little"/>
    <property name="user.home" value="C:\Users\zhangyue"/>
    <property name="user.language" value="zh"/>
    <property name="java.specification.vendor" value="Oracle Corporation"/>
    <property name="java.version.date" value="2022-04-22"/>
    <property name="java.home" value="C:\Program Files\Java\jdk-11.0.15.1"/>
    <property name="file.separator" value="\"/>
    <property name="basedir" value="D:\word文档\A就业\java项目\资料\day12\项目完整版代码\sky-take-out\sky-server"/>
    <property name="java.vm.compressedOopsMode" value="Zero based"/>
    <property name="line.separator" value="&#10;"/>
    <property name="java.specification.name" value="Java Platform API Specification"/>
    <property name="java.vm.specification.vendor" value="Oracle Corporation"/>
    <property name="java.awt.graphicsenv" value="sun.awt.Win32GraphicsEnvironment"/>
    <property name="surefire.real.class.path" value="C:\Users\zhangyue\AppData\Local\Temp\surefire17405738984815895313\surefirebooter2675065837888198296.jar"/>
    <property name="user.script" value=""/>
    <property name="sun.management.compiler" value="HotSpot 64-Bit Tiered Compilers"/>
    <property name="java.runtime.version" value="11.0.15.1+2-LTS-10"/>
    <property name="user.name" value="zhangyue"/>
    <property name="path.separator" value=";"/>
    <property name="os.version" value="10.0"/>
    <property name="java.runtime.name" value="Java(TM) SE Runtime Environment"/>
    <property name="file.encoding" value="GBK"/>
    <property name="java.vm.name" value="Java HotSpot(TM) 64-Bit Server VM"/>
    <property name="java.vendor.version" value="18.9"/>
    <property name="localRepository" value="D:\develop\apache-maven-3.9.6\repo"/>
    <property name="java.vendor.url.bug" value="https://bugreport.java.com/bugreport/"/>
    <property name="java.io.tmpdir" value="C:\Users\zhangyue\AppData\Local\Temp\"/>
    <property name="idea.version" value="2023.3.3"/>
    <property name="java.version" value="11.0.15.1"/>
    <property name="user.dir" value="D:\word文档\A就业\java项目\资料\day12\项目完整版代码\sky-take-out\sky-server"/>
    <property name="os.arch" value="amd64"/>
    <property name="java.vm.specification.name" value="Java Virtual Machine Specification"/>
    <property name="java.awt.printerjob" value="sun.awt.windows.WPrinterJob"/>
    <property name="sun.os.patch.level" value=""/>
    <property name="java.library.path" value="C:\Program Files\Java\jdk-11.0.15.1\bin;C:\Windows\Sun\Java\bin;C:\Windows\system32;C:\Windows;C:\Program Files\Common Files\Oracle\Java\javapath;D:\Python35\;D:\Python38\Scripts\;D:\Python38\;D:\VMware_Workstation_Pro\bin\;C:\Program Files\Java\jdk-11.0.15.1\bin;C:\Program Files (x86)\Common Files\Oracle\Java\javapath;C:\Windows\system32;C:\Windows;C:\Windows\System32\Wbem;C:\Windows\System32\WindowsPowerShell\v1.0\;C:\Windows\System32\OpenSSH\;C:\Program Files (x86)\Microsoft SQL Server\160\Tools\Binn\;C:\Program Files\Microsoft SQL Server\160\Tools\Binn\;C:\Program Files\Microsoft SQL Server\Client SDK\ODBC\170\Tools\Binn\;C:\Program Files\Microsoft SQL Server\160\DTS\Binn\;C:\Program Files (x86)\Microsoft SQL Server\160\DTS\Binn\;C:\Program Files\Azure Data Studio\bin;D:\Xshell\;D:\Xftp\;D:\Program Files (x86)\NodeJS\node_global;D:\Program Files (x86)\NodeJS\node_cache;D:\Program Files (x86)\NodeJS\;D:\develop\apache-maven-3.9.6\bin;D:\develop\mysql-8.3.0-winx64\bin;D:\Program Files\Git\cmd;%CATALINA_HOME%\bin;D:\Program Files (x86)\NodeJS\node_cache;C:\Users\zhangyue\AppData\Local\Programs\Python\Python38\;C:\Users\zhangyue\AppData\Local\Microsoft\WindowsApps;C:\Program Files\Azure Data Studio\bin;D:\Program Files (x86)\NodeJS\node_global;D:\Program Files (x86)\NodeJS;C:\Users\zhangyue\AppData\Roaming\npm;."/>
    <property name="java.vendor" value="Oracle Corporation"/>
    <property name="java.vm.info" value="mixed mode"/>
    <property name="java.vm.version" value="11.0.15.1+2-LTS-10"/>
    <property name="sun.io.unicode.encoding" value="UnicodeLittle"/>
    <property name="java.class.version" value="55.0"/>
  </properties>
  <testcase name="testSet" classname="com.sky.test.SpringDataRedisTest" time="0">
    <error type="java.lang.NullPointerException">java.lang.NullPointerException
	at com.sky.test.SpringDataRedisTest.testSet(SpringDataRedisTest.java:92)
</error>
  </testcase>
  <testcase name="testHash" classname="com.sky.test.SpringDataRedisTest" time="0">
    <error type="java.lang.NullPointerException">java.lang.NullPointerException
	at com.sky.test.SpringDataRedisTest.testHash(SpringDataRedisTest.java:49)
</error>
  </testcase>
  <testcase name="testList" classname="com.sky.test.SpringDataRedisTest" time="0">
    <error type="java.lang.NullPointerException">java.lang.NullPointerException
	at com.sky.test.SpringDataRedisTest.testList(SpringDataRedisTest.java:72)
</error>
  </testcase>
  <testcase name="testZset" classname="com.sky.test.SpringDataRedisTest" time="0">
    <error type="java.lang.NullPointerException">java.lang.NullPointerException
	at com.sky.test.SpringDataRedisTest.testZset(SpringDataRedisTest.java:118)
</error>
  </testcase>
  <testcase name="testCommon" classname="com.sky.test.SpringDataRedisTest" time="0">
    <error type="java.lang.NullPointerException">java.lang.NullPointerException
	at com.sky.test.SpringDataRedisTest.testCommon(SpringDataRedisTest.java:138)
</error>
  </testcase>
  <testcase name="testRedisTemplate" classname="com.sky.test.SpringDataRedisTest" time="0.001">
    <error type="java.lang.NullPointerException">java.lang.NullPointerException
	at com.sky.test.SpringDataRedisTest.testRedisTemplate(SpringDataRedisTest.java:22)
</error>
    <system-out><![CDATA[null
]]></system-out>
  </testcase>
  <testcase name="testString" classname="com.sky.test.SpringDataRedisTest" time="0">
    <error type="java.lang.NullPointerException">java.lang.NullPointerException
	at com.sky.test.SpringDataRedisTest.testString(SpringDataRedisTest.java:35)
</error>
  </testcase>
</testsuite>